# JRE version: OpenJDK Runtime Environment Temurin-21.0.8+9 (21.0.8+9) (build 21.0.8+9-LTS)
# Java VM: OpenJDK 64-Bit Server VM Temurin-21.0.8+9 (21.0.8+9-LTS, mixed mode, sharing, tiered, compressed oops, compressed class ptrs, parallel gc, windows-amd64)
GC Precious Log:
 CardTable entry size: 512
 CPUs: 8 total, 8 available
 Memory: 16112M
 Large Page Support: Disabled
 NUMA Support: Disabled
 Compressed Oops: Enabled (32-bit)
 Alignments: Space 512K, Generation 512K, Heap 2M
 Heap Min Capacity: 100M
 Heap Initial Capacity: 100M
 Heap Max Capacity: 2G
 Pre-touch: Disabled
 Parallel Workers: 8
Heap:
 PSYoungGen      total 4608K, used 916K [0x00000000d5580000, 0x00000000d5d00000, 0x0000000100000000)
  eden space 3072K, 22% used [0x00000000d5580000,0x00000000d562d268,0x00000000d5880000)
  from space 1536K, 14% used [0x00000000d5a00000,0x00000000d5a38000,0x00000000d5b80000)
  to   space 512K, 0% used [0x00000000d5c80000,0x00000000d5c80000,0x00000000d5d00000)
 ParOldGen       total 829952K, used 829509K [0x0000000080000000, 0x00000000b2a80000, 0x00000000d5580000)
  object space 829952K, 99% used [0x0000000080000000,0x00000000b2a114c0,0x00000000b2a80000)
 Metaspace       used 80779K, committed 82432K, reserved 1179648K
  class space    used 8498K, committed 9216K, reserved 1048576K
GC Heap History (20 events):
Event: 590.638 GC heap before
{Heap before GC invocations=609 (full 3):
 PSYoungGen      total 5120K, used 4728K [0x00000000d5580000, 0x00000000d5e80000, 0x0000000100000000)
  eden space 2560K, 100% used [0x00000000d5580000,0x00000000d5800000,0x00000000d5800000)
  from space 2560K, 84% used [0x00000000d5800000,0x00000000d5a1e000,0x00000000d5a80000)
  to   space 3072K, 0% used [0x00000000d5b80000,0x00000000d5b80000,0x00000000d5e80000)
 ParOldGen       total 813056K, used 813034K [0x0000000080000000, 0x00000000b1a00000, 0x00000000d5580000)
  object space 813056K, 99% used [0x0000000080000000,0x00000000b19fa800,0x00000000b1a00000)
 Metaspace       used 80658K, committed 82304K, reserved 1179648K
  class space    used 8498K, committed 9216K, reserved 1048576K
}
Event: 590.642 GC heap after
{Heap after GC invocations=609 (full 3):
 PSYoungGen      total 6144K, used 2648K [0x00000000d5580000, 0x00000000d5e80000, 0x0000000100000000)
  eden space 3072K, 0% used [0x00000000d5580000,0x00000000d5580000,0x00000000d5880000)
  from space 3072K, 86% used [0x00000000d5b80000,0x00000000d5e16270,0x00000000d5e80000)
  to   space 3072K, 0% used [0x00000000d5880000,0x00000000d5880000,0x00000000d5b80000)
 ParOldGen       total 815616K, used 815106K [0x0000000080000000, 0x00000000b1c80000, 0x00000000d5580000)
  object space 815616K, 99% used [0x0000000080000000,0x00000000b1c00800,0x00000000b1c80000)
 Metaspace       used 80658K, committed 82304K, reserved 1179648K
  class space    used 8498K, committed 9216K, reserved 1048576K
}
Event: 590.713 GC heap before
{Heap before GC invocations=610 (full 3):
 PSYoungGen      total 6144K, used 5720K [0x00000000d5580000, 0x00000000d5e80000, 0x0000000100000000)
  eden space 3072K, 100% used [0x00000000d5580000,0x00000000d5880000,0x00000000d5880000)
  from space 3072K, 86% used [0x00000000d5b80000,0x00000000d5e16270,0x00000000d5e80000)
  to   space 3072K, 0% used [0x00000000d5880000,0x00000000d5880000,0x00000000d5b80000)
 ParOldGen       total 815616K, used 815106K [0x0000000080000000, 0x00000000b1c80000, 0x00000000d5580000)
  object space 815616K, 99% used [0x0000000080000000,0x00000000b1c00800,0x00000000b1c80000)
 Metaspace       used 80662K, committed 82304K, reserved 1179648K
  class space    used 8498K, committed 9216K, reserved 1048576K
}
Event: 590.718 GC heap after
{Heap after GC invocations=610 (full 3):
 PSYoungGen      total 5120K, used 2016K [0x00000000d5580000, 0x00000000d5d80000, 0x0000000100000000)
  eden space 3072K, 0% used [0x00000000d5580000,0x00000000d5580000,0x00000000d5880000)
  from space 2048K, 98% used [0x00000000d5880000,0x00000000d5a78030,0x00000000d5a80000)
  to   space 2560K, 0% used [0x00000000d5b00000,0x00000000d5b00000,0x00000000d5d80000)
 ParOldGen       total 818176K, used 817674K [0x0000000080000000, 0x00000000b1f00000, 0x00000000d5580000)
  object space 818176K, 99% used [0x0000000080000000,0x00000000b1e82a70,0x00000000b1f00000)
 Metaspace       used 80662K, committed 82304K, reserved 1179648K
  class space    used 8498K, committed 9216K, reserved 1048576K
}
Event: 590.759 GC heap before
{Heap before GC invocations=611 (full 3):
 PSYoungGen      total 5120K, used 5087K [0x00000000d5580000, 0x00000000d5d80000, 0x0000000100000000)
  eden space 3072K, 99% used [0x00000000d5580000,0x00000000d587ffc0,0x00000000d5880000)
  from space 2048K, 98% used [0x00000000d5880000,0x00000000d5a78030,0x00000000d5a80000)
  to   space 2560K, 0% used [0x00000000d5b00000,0x00000000d5b00000,0x00000000d5d80000)
 ParOldGen       total 818176K, used 817674K [0x0000000080000000, 0x00000000b1f00000, 0x00000000d5580000)
  object space 818176K, 99% used [0x0000000080000000,0x00000000b1e82a70,0x00000000b1f00000)
 Metaspace       used 80671K, committed 82304K, reserved 1179648K
  class space    used 8498K, committed 9216K, reserved 1048576K
}
Event: 590.763 GC heap after
{Heap after GC invocations=611 (full 3):
 PSYoungGen      total 3584K, used 192K [0x00000000d5580000, 0x00000000d5b80000, 0x0000000100000000)
  eden space 3072K, 0% used [0x00000000d5580000,0x00000000d5580000,0x00000000d5880000)
  from space 512K, 37% used [0x00000000d5b00000,0x00000000d5b30000,0x00000000d5b80000)
  to   space 1024K, 0% used [0x00000000d5980000,0x00000000d5980000,0x00000000d5a80000)
 ParOldGen       total 819712K, used 819298K [0x0000000080000000, 0x00000000b2080000, 0x00000000d5580000)
  object space 819712K, 99% used [0x0000000080000000,0x00000000b2018a90,0x00000000b2080000)
 Metaspace       used 80671K, committed 82304K, reserved 1179648K
  class space    used 8498K, committed 9216K, reserved 1048576K
}
Event: 591.276 GC heap before
{Heap before GC invocations=612 (full 3):
 PSYoungGen      total 3584K, used 3263K [0x00000000d5580000, 0x00000000d5b80000, 0x0000000100000000)
  eden space 3072K, 99% used [0x00000000d5580000,0x00000000d587fff0,0x00000000d5880000)
  from space 512K, 37% used [0x00000000d5b00000,0x00000000d5b30000,0x00000000d5b80000)
  to   space 1024K, 0% used [0x00000000d5980000,0x00000000d5980000,0x00000000d5a80000)
 ParOldGen       total 819712K, used 819298K [0x0000000080000000, 0x00000000b2080000, 0x00000000d5580000)
  object space 819712K, 99% used [0x0000000080000000,0x00000000b2018a90,0x00000000b2080000)
 Metaspace       used 80704K, committed 82368K, reserved 1179648K
  class space    used 8498K, committed 9216K, reserved 1048576K
}
Event: 591.278 GC heap after
{Heap after GC invocations=612 (full 3):
 PSYoungGen      total 4096K, used 400K [0x00000000d5580000, 0x00000000d5b80000, 0x0000000100000000)
  eden space 3072K, 0% used [0x00000000d5580000,0x00000000d5580000,0x00000000d5880000)
  from space 1024K, 39% used [0x00000000d5980000,0x00000000d59e4010,0x00000000d5a80000)
  to   space 512K, 0% used [0x00000000d5b00000,0x00000000d5b00000,0x00000000d5b80000)
 ParOldGen       total 819712K, used 819394K [0x0000000080000000, 0x00000000b2080000, 0x00000000d5580000)
  object space 819712K, 99% used [0x0000000080000000,0x00000000b2030a90,0x00000000b2080000)
 Metaspace       used 80704K, committed 82368K, reserved 1179648K
  class space    used 8498K, committed 9216K, reserved 1048576K
}
Event: 623.752 GC heap before
{Heap before GC invocations=613 (full 3):
 PSYoungGen      total 4096K, used 3472K [0x00000000d5580000, 0x00000000d5b80000, 0x0000000100000000)
  eden space 3072K, 100% used [0x00000000d5580000,0x00000000d5880000,0x00000000d5880000)
  from space 1024K, 39% used [0x00000000d5980000,0x00000000d59e4010,0x00000000d5a80000)
  to   space 512K, 0% used [0x00000000d5b00000,0x00000000d5b00000,0x00000000d5b80000)
 ParOldGen       total 819712K, used 819394K [0x0000000080000000, 0x00000000b2080000, 0x00000000d5580000)
  object space 819712K, 99% used [0x0000000080000000,0x00000000b2030a90,0x00000000b2080000)
 Metaspace       used 80727K, committed 82368K, reserved 1179648K
  class space    used 8498K, committed 9216K, reserved 1048576K
}
Event: 623.756 GC heap after
{Heap after GC invocations=613 (full 3):
 PSYoungGen      total 3584K, used 484K [0x00000000d5580000, 0x00000000d5d80000, 0x0000000100000000)
  eden space 3072K, 0% used [0x00000000d5580000,0x00000000d5580000,0x00000000d5880000)
  from space 512K, 94% used [0x00000000d5b00000,0x00000000d5b793d8,0x00000000d5b80000)
  to   space 2560K, 0% used [0x00000000d5880000,0x00000000d5880000,0x00000000d5b00000)
 ParOldGen       total 821248K, used 820895K [0x0000000080000000, 0x00000000b2200000, 0x00000000d5580000)
  object space 821248K, 99% used [0x0000000080000000,0x00000000b21a7e68,0x00000000b2200000)
 Metaspace       used 80727K, committed 82368K, reserved 1179648K
  class space    used 8498K, committed 9216K, reserved 1048576K
}
Event: 623.764 GC heap before
{Heap before GC invocations=614 (full 3):
 PSYoungGen      total 3584K, used 3556K [0x00000000d5580000, 0x00000000d5d80000, 0x0000000100000000)
  eden space 3072K, 100% used [0x00000000d5580000,0x00000000d5880000,0x00000000d5880000)
  from space 512K, 94% used [0x00000000d5b00000,0x00000000d5b793d8,0x00000000d5b80000)
  to   space 2560K, 0% used [0x00000000d5880000,0x00000000d5880000,0x00000000d5b00000)
 ParOldGen       total 821248K, used 820895K [0x0000000080000000, 0x00000000b2200000, 0x00000000d5580000)
  object space 821248K, 99% used [0x0000000080000000,0x00000000b21a7e68,0x00000000b2200000)
 Metaspace       used 80727K, committed 82368K, reserved 1179648K
  class space    used 8498K, committed 9216K, reserved 1048576K
}
Event: 623.768 GC heap after
{Heap after GC invocations=614 (full 3):
 PSYoungGen      total 5632K, used 2560K [0x00000000d5580000, 0x00000000d6080000, 0x0000000100000000)
  eden space 3072K, 0% used [0x00000000d5580000,0x00000000d5580000,0x00000000d5880000)
  from space 2560K, 100% used [0x00000000d5880000,0x00000000d5b00000,0x00000000d5b00000)
  to   space 4096K, 0% used [0x00000000d5c80000,0x00000000d5c80000,0x00000000d6080000)
 ParOldGen       total 822272K, used 821852K [0x0000000080000000, 0x00000000b2300000, 0x00000000d5580000)
  object space 822272K, 99% used [0x0000000080000000,0x00000000b2297250,0x00000000b2300000)
 Metaspace       used 80727K, committed 82368K, reserved 1179648K
  class space    used 8498K, committed 9216K, reserved 1048576K
}
Event: 623.798 GC heap before
{Heap before GC invocations=615 (full 3):
 PSYoungGen      total 5632K, used 5632K [0x00000000d5580000, 0x00000000d6080000, 0x0000000100000000)
  eden space 3072K, 100% used [0x00000000d5580000,0x00000000d5880000,0x00000000d5880000)
  from space 2560K, 100% used [0x00000000d5880000,0x00000000d5b00000,0x00000000d5b00000)
  to   space 4096K, 0% used [0x00000000d5c80000,0x00000000d5c80000,0x00000000d6080000)
 ParOldGen       total 822272K, used 821852K [0x0000000080000000, 0x00000000b2300000, 0x00000000d5580000)
  object space 822272K, 99% used [0x0000000080000000,0x00000000b2297250,0x00000000b2300000)
 Metaspace       used 80727K, committed 82368K, reserved 1179648K
  class space    used 8498K, committed 9216K, reserved 1048576K
}
Event: 623.803 GC heap after
{Heap after GC invocations=615 (full 3):
 PSYoungGen      total 6144K, used 2736K [0x00000000d5580000, 0x00000000d5f80000, 0x0000000100000000)
  eden space 3072K, 0% used [0x00000000d5580000,0x00000000d5580000,0x00000000d5880000)
  from space 3072K, 89% used [0x00000000d5c80000,0x00000000d5f2c270,0x00000000d5f80000)
  to   space 3072K, 0% used [0x00000000d5980000,0x00000000d5980000,0x00000000d5c80000)
 ParOldGen       total 824832K, used 824412K [0x0000000080000000, 0x00000000b2580000, 0x00000000d5580000)
  object space 824832K, 99% used [0x0000000080000000,0x00000000b2517250,0x00000000b2580000)
 Metaspace       used 80727K, committed 82368K, reserved 1179648K
  class space    used 8498K, committed 9216K, reserved 1048576K
}
Event: 623.851 GC heap before
{Heap before GC invocations=616 (full 3):
 PSYoungGen      total 6144K, used 5808K [0x00000000d5580000, 0x00000000d5f80000, 0x0000000100000000)
  eden space 3072K, 100% used [0x00000000d5580000,0x00000000d5880000,0x00000000d5880000)
  from space 3072K, 89% used [0x00000000d5c80000,0x00000000d5f2c270,0x00000000d5f80000)
  to   space 3072K, 0% used [0x00000000d5980000,0x00000000d5980000,0x00000000d5c80000)
 ParOldGen       total 824832K, used 824412K [0x0000000080000000, 0x00000000b2580000, 0x00000000d5580000)
  object space 824832K, 99% used [0x0000000080000000,0x00000000b2517250,0x00000000b2580000)
 Metaspace       used 80728K, committed 82368K, reserved 1179648K
  class space    used 8498K, committed 9216K, reserved 1048576K
}
Event: 623.855 GC heap after
{Heap after GC invocations=616 (full 3):
 PSYoungGen      total 6144K, used 2560K [0x00000000d5580000, 0x00000000d5e80000, 0x0000000100000000)
  eden space 3072K, 0% used [0x00000000d5580000,0x00000000d5580000,0x00000000d5880000)
  from space 3072K, 83% used [0x00000000d5980000,0x00000000d5c00010,0x00000000d5c80000)
  to   space 2048K, 0% used [0x00000000d5c80000,0x00000000d5c80000,0x00000000d5e80000)
 ParOldGen       total 827392K, used 827053K [0x0000000080000000, 0x00000000b2800000, 0x00000000d5580000)
  object space 827392K, 99% used [0x0000000080000000,0x00000000b27ab4c0,0x00000000b2800000)
 Metaspace       used 80728K, committed 82368K, reserved 1179648K
  class space    used 8498K, committed 9216K, reserved 1048576K
}
Event: 623.912 GC heap before
{Heap before GC invocations=617 (full 3):
 PSYoungGen      total 6144K, used 5632K [0x00000000d5580000, 0x00000000d5e80000, 0x0000000100000000)
  eden space 3072K, 100% used [0x00000000d5580000,0x00000000d5880000,0x00000000d5880000)
  from space 3072K, 83% used [0x00000000d5980000,0x00000000d5c00010,0x00000000d5c80000)
  to   space 2048K, 0% used [0x00000000d5c80000,0x00000000d5c80000,0x00000000d5e80000)
 ParOldGen       total 827392K, used 827053K [0x0000000080000000, 0x00000000b2800000, 0x00000000d5580000)
  object space 827392K, 99% used [0x0000000080000000,0x00000000b27ab4c0,0x00000000b2800000)
 Metaspace       used 80736K, committed 82368K, reserved 1179648K
  class space    used 8498K, committed 9216K, reserved 1048576K
}
Event: 623.916 GC heap after
{Heap after GC invocations=617 (full 3):
 PSYoungGen      total 3584K, used 192K [0x00000000d5580000, 0x00000000d5d00000, 0x0000000100000000)
  eden space 3072K, 0% used [0x00000000d5580000,0x00000000d5580000,0x00000000d5880000)
  from space 512K, 37% used [0x00000000d5c80000,0x00000000d5cb0000,0x00000000d5d00000)
  to   space 1536K, 0% used [0x00000000d5a00000,0x00000000d5a00000,0x00000000d5b80000)
 ParOldGen       total 829952K, used 829461K [0x0000000080000000, 0x00000000b2a80000, 0x00000000d5580000)
  object space 829952K, 99% used [0x0000000080000000,0x00000000b2a054c0,0x00000000b2a80000)
 Metaspace       used 80736K, committed 82368K, reserved 1179648K
  class space    used 8498K, committed 9216K, reserved 1048576K
}
Event: 624.381 GC heap before
{Heap before GC invocations=618 (full 3):
 PSYoungGen      total 3584K, used 3254K [0x00000000d5580000, 0x00000000d5d00000, 0x0000000100000000)
  eden space 3072K, 99% used [0x00000000d5580000,0x00000000d587da28,0x00000000d5880000)
  from space 512K, 37% used [0x00000000d5c80000,0x00000000d5cb0000,0x00000000d5d00000)
  to   space 1536K, 0% used [0x00000000d5a00000,0x00000000d5a00000,0x00000000d5b80000)
 ParOldGen       total 829952K, used 829461K [0x0000000080000000, 0x00000000b2a80000, 0x00000000d5580000)
  object space 829952K, 99% used [0x0000000080000000,0x00000000b2a054c0,0x00000000b2a80000)
 Metaspace       used 80767K, committed 82432K, reserved 1179648K
  class space    used 8498K, committed 9216K, reserved 1048576K
}
Event: 624.383 GC heap after
{Heap after GC invocations=618 (full 3):
 PSYoungGen      total 4608K, used 224K [0x00000000d5580000, 0x00000000d5d00000, 0x0000000100000000)
  eden space 3072K, 0% used [0x00000000d5580000,0x00000000d5580000,0x00000000d5880000)
  from space 1536K, 14% used [0x00000000d5a00000,0x00000000d5a38000,0x00000000d5b80000)
  to   space 512K, 0% used [0x00000000d5c80000,0x00000000d5c80000,0x00000000d5d00000)
 ParOldGen       total 829952K, used 829509K [0x0000000080000000, 0x00000000b2a80000, 0x00000000d5580000)
  object space 829952K, 99% used [0x0000000080000000,0x00000000b2a114c0,0x00000000b2a80000)
 Metaspace       used 80767K, committed 82432K, reserved 1179648K
  class space    used 8498K, committed 9216K, reserved 1048576K
}

